This file contains any messages produced by compilers while
running configure, to aid debugging if configure makes a mistake.

It was created by cdsagenda configure 4.2.9, which was
generated by GNU Autoconf 2.59.  Invocation command line was

  $ ./configure --with-htdocsdir=~/Downloads/cdsagenda/www/data/cdsagenda --with-cgibindir=~/Downloads/cdsagenda/www/cgi-bin/cdsagenda --with-utildir=~/Downloads/cdsagenda --with-htdocsurl=http://localhost:5555/cdsagenda --with-cgibinurl=http://localhost:5555/cgi-bin/cdsagenda --with-dbhost=localhost --with-dbname=cdsagenda --with-dbuser=root --with-dbpass=pass

## --------- ##
## Platform. ##
## --------- ##

hostname = sg1
uname -m = x86_64
uname -r = 5.15.0-113-generic
uname -s = Linux
uname -v = #123~20.04.1-Ubuntu SMP Wed Jun 12 17:33:13 UTC 2024

/usr/bin/uname -p = x86_64
/bin/uname -X     = unknown

/bin/arch              = x86_64
/usr/bin/arch -k       = unknown
/usr/convex/getsysinfo = unknown
hostinfo               = unknown
/bin/machine           = unknown
/usr/bin/oslevel       = unknown
/bin/universe          = unknown

PATH: /home/troun/dev/indico
PATH: /home/troun/.pyenv/shims
PATH: /home/troun/dev
PATH: /home/troun
PATH: /home/troun/.local/bin
PATH: /home/troun/dev/indico
PATH: /home/troun/.nvm/versions/node/v20.9.0/bin
PATH: /home/troun/.pyenv/bin
PATH: /home/troun/dev
PATH: /home/troun
PATH: /home/troun/.local/bin
PATH: /home/troun/.cargo/bin
PATH: /home/troun/.local/bin
PATH: /home/troun/bin
PATH: /usr/local/sbin
PATH: /usr/local/bin
PATH: /usr/sbin
PATH: /usr/bin
PATH: /sbin
PATH: /bin
PATH: /usr/games
PATH: /usr/local/games
PATH: /snap/bin
PATH: /home/troun/.local/bin
PATH: /usr/lib/postgresql/12/bin
PATH: /usr/lib/postgresql/12/bin


## ----------- ##
## Core tests. ##
## ----------- ##

configure:1291: checking for a BSD-compatible install
configure:1346: result: /usr/bin/install -c
configure:1357: checking whether build environment is sane
configure:1400: result: yes
configure:1415: checking whether make sets $(MAKE)
configure:1435: result: yes
configure:1467: checking for working aclocal
configure:1478: result: missing
configure:1482: checking for working autoconf
configure:1493: result: missing
configure:1497: checking for working automake
configure:1508: result: missing
configure:1512: checking for working autoheader
configure:1523: result: missing
configure:1527: checking for working makeinfo
configure:1538: result: missing
configure:1557: checking for a BSD-compatible install
configure:1612: result: /usr/bin/install -c
configure:1626: checking for mysql
configure:1644: found /usr/bin/mysql
configure:1656: result: /usr/bin/mysql
configure:1675: checking for php
configure:1693: found /usr/bin/php
configure:1705: result: /usr/bin/php
configure:1726: checking for java
configure:1744: found /usr/bin/java
configure:1756: result: /usr/bin/java
configure:1775: checking for gs
configure:1793: found /usr/bin/gs
configure:1805: result: /usr/bin/gs
configure:1831: checking for acroread
configure:1864: result: no
configure:1875: WARNING:
   Acrobat Reader was not found in your path.  It is used in
   the software for automatic conversion of transfered documents.
   You can continue without it but you will miss some
   functionality.  We recommend you to install it first and to rerun
   the configure script.  Acrobat Reader is available from
   <http://www.adobe.com/products/acrobat/readstep.html>.
configure:1887: checking for gzip
configure:1905: found /usr/bin/gzip
configure:1917: result: /usr/bin/gzip
configure:1943: checking for gunzip
configure:1961: found /usr/bin/gunzip
configure:1973: result: /usr/bin/gunzip
configure:2001: checking for ps2pdf
configure:2019: found /usr/bin/ps2pdf
configure:2031: result: /usr/bin/ps2pdf
configure:2057: checking for ps2ascii
configure:2075: found /usr/bin/ps2ascii
configure:2087: result: /usr/bin/ps2ascii
configure:2111: checking for lynx
configure:2144: result: no
configure:2154: WARNING:
   lynx was not found in your path.  It is used in
   the software to output the agendas in PostScript
   or PDF. If lynx or htmldoc are not installed in your
   path, then this feature will not work.
   <http://lynx.browser.org/>.
configure:2165: checking for html2ps
configure:2198: result: no
configure:2209: WARNING:
   html2ps was not found in your path.  It is used in
   the software to output the agendas in PostScript
   or PDF. If it is not installed and htmldoc
   is not installed either in your
   path, then this feature will not work.
   <http://www.tdb.uu.se/~jan/html2ps.html>.
configure:2221: checking for html2text
configure:2254: result: no
configure:2264: WARNING:
   html2text was not found in your path. It is used in
   the software to insert the html minutes files inline in
   the agendas themselves.
   If it is not installed then this feature will not work.
   <ftp://sunsite.unc.edu/pub/Linux/apps/www/converters/>.
configure:2275: checking for htmldoc
configure:2308: result: no
configure:2318: WARNING:
   htmldoc was not found in your path.  It is used in
   the software to output the agendas in PostScript
   or PDF. If lynx or htmldoc are not installed in your
   path, then this feature will not work.
   <http://www.easysw.com/htmldoc/>.
configure:2630: creating ./config.status

## ---------------------- ##
## Running config.status. ##
## ---------------------- ##

This file was extended by cdsagenda config.status 4.2.9, which was
generated by GNU Autoconf 2.59.  Invocation command line was

  CONFIG_FILES    = 
  CONFIG_HEADERS  = 
  CONFIG_LINKS    = 
  CONFIG_COMMANDS = 
  $ ./config.status 

on sg1

config.status:726: creating Makefile
config.status:726: creating dbutil/Makefile
config.status:726: creating dbutil/dbexec
config.status:726: creating dbutil/dbtest
config.status:726: creating dbutil/tabdrop.sql
config.status:726: creating dbutil/tabfill.sql
config.status:726: creating dbutil/tabcreate.sql
config.status:726: creating utils/xtxsl
config.status:726: creating utils/Makefile
config.status:726: creating utils/XML/Makefile
config.status:726: creating htdocs/Makefile
config.status:726: creating htdocs/config/Makefile
config.status:726: creating htdocs/config/config.php
config.status:726: creating htdocs/guide/Makefile
config.status:726: creating htdocs/guide/english/Makefile
config.status:726: creating htdocs/images/Makefile
config.status:726: creating htdocs/images/cds_user_guide.css
config.status:726: creating htdocs/images/style.css
config.status:726: creating htdocs/images/stylemodify.css
config.status:726: creating htdocs/images/xsftStyles.css
config.status:726: creating htdocs/images/levelicons/Makefile
config.status:726: creating htdocs/manager/Makefile
config.status:726: creating htdocs/manager/images/Makefile
config.status:726: creating htdocs/menus/Makefile
config.status:726: creating htdocs/modification/Makefile
config.status:726: creating htdocs/modification/checkAlarm.php
config.status:726: creating htdocs/objects/Makefile
config.status:726: creating htdocs/overview/Makefile
config.status:726: creating htdocs/platform/Makefile
config.status:726: creating htdocs/platform/system/Makefile
config.status:726: creating htdocs/platform/template/Makefile
config.status:726: creating htdocs/platform/authentication/Makefile
config.status:726: creating htdocs/pocket/Makefile
config.status:726: creating htdocs/stylesheets/Makefile
config.status:726: creating htdocs/stylesheets/palm/Makefile
config.status:726: creating htdocs/stylesheets/simpletext/Makefile
config.status:726: creating htdocs/stylesheets/tools/Makefile
config.status:726: creating htdocs/template/Makefile
config.status:726: creating htdocs/tools/Makefile

## ---------------- ##
## Cache variables. ##
## ---------------- ##

ac_cv_env_build_alias_set=
ac_cv_env_build_alias_value=
ac_cv_env_host_alias_set=
ac_cv_env_host_alias_value=
ac_cv_env_target_alias_set=
ac_cv_env_target_alias_value=
ac_cv_path_GS=/usr/bin/gs
ac_cv_path_GUNZIP=/usr/bin/gunzip
ac_cv_path_GZIP=/usr/bin/gzip
ac_cv_path_JAVA=/usr/bin/java
ac_cv_path_MYSQL=/usr/bin/mysql
ac_cv_path_PHP=/usr/bin/php
ac_cv_path_PS2ASCII=/usr/bin/ps2ascii
ac_cv_path_PS2PDF=/usr/bin/ps2pdf
ac_cv_path_install='/usr/bin/install -c'
ac_cv_prog_make_make_set=yes

## ----------------- ##
## Output variables. ##
## ----------------- ##

ACLOCAL='/home/troun/Downloads/cdsagenda-4.2.9/missing aclocal'
ACROREAD=''
AUTOCONF='/home/troun/Downloads/cdsagenda-4.2.9/missing autoconf'
AUTOHEADER='/home/troun/Downloads/cdsagenda-4.2.9/missing autoheader'
AUTOMAKE='/home/troun/Downloads/cdsagenda-4.2.9/missing automake'
CGIBINDIR='~/Downloads/cdsagenda/www/cgi-bin/cdsagenda'
CGIBINURL='http://localhost:5555/cgi-bin/cdsagenda'
DBHOST='localhost'
DBHOSTPORT='3306'
DBNAME='cdsagenda'
DBPASS='pass'
DBUSER='root'
DEFS='-DPACKAGE_NAME=\"cdsagenda\" -DPACKAGE_TARNAME=\"cdsagenda\" -DPACKAGE_VERSION=\"4.2.9\" -DPACKAGE_STRING=\"cdsagenda\ 4.2.9\" -DPACKAGE_BUGREPORT=\"cds.support@cern.ch\" -DPACKAGE=\"cdsagenda\" -DVERSION=\"4.2.9\" '
ECHO_C=''
ECHO_N='-n'
ECHO_T=''
GS='/usr/bin/gs'
GUNZIP='/usr/bin/gunzip'
GZIP='/usr/bin/gzip'
HTDOCSDIR='~/Downloads/cdsagenda/www/data/cdsagenda'
HTDOCSURL='http://localhost:5555/cdsagenda'
HTML2PS=''
HTML2TEXT=''
HTMLDOC=''
INSTALL_DATA='${INSTALL} -m 644'
INSTALL_PROGRAM='${INSTALL}'
INSTALL_SCRIPT='${INSTALL}'
JAVA='/usr/bin/java'
LIBOBJS=''
LIBS=''
LTLIBOBJS=''
LYNX=''
MAKEINFO='/home/troun/Downloads/cdsagenda-4.2.9/missing makeinfo'
MYSQL='/usr/bin/mysql'
PACKAGE='cdsagenda'
PACKAGE_BUGREPORT='cds.support@cern.ch'
PACKAGE_NAME='cdsagenda'
PACKAGE_STRING='cdsagenda 4.2.9'
PACKAGE_TARNAME='cdsagenda'
PACKAGE_VERSION='4.2.9'
PATH_SEPARATOR=':'
PHP='/usr/bin/php'
PS2ASCII='/usr/bin/ps2ascii'
PS2PDF='/usr/bin/ps2pdf'
SET_MAKE=''
SHELL='/bin/bash'
UTILDIR='~/Downloads/cdsagenda'
VERSION='4.2.9'
bindir='${exec_prefix}/bin'
build_alias=''
datadir='${prefix}/share'
exec_prefix='${prefix}'
host_alias=''
includedir='${prefix}/include'
infodir='${prefix}/info'
libdir='${exec_prefix}/lib'
libexecdir='${exec_prefix}/libexec'
localstatedir='${prefix}/var'
mandir='${prefix}/man'
oldincludedir='/usr/include'
prefix='/usr/local'
program_transform_name='s,x,x,'
sbindir='${exec_prefix}/sbin'
sharedstatedir='${prefix}/com'
sysconfdir='${prefix}/etc'
target_alias=''

## ----------- ##
## confdefs.h. ##
## ----------- ##

#define PACKAGE "cdsagenda"
#define PACKAGE_BUGREPORT "cds.support@cern.ch"
#define PACKAGE_NAME "cdsagenda"
#define PACKAGE_STRING "cdsagenda 4.2.9"
#define PACKAGE_TARNAME "cdsagenda"
#define PACKAGE_VERSION "4.2.9"
#define VERSION "4.2.9"

configure: exit 0
